<?xml version="1.0" encoding="UTF-8"?>
<!-- Generated by org.testng.reporters.JUnitReportReporter -->
<testsuite skipped="0" hostname="sys" name="com.HDFramworkProjFmPavan.testCases.TC_LoginTest_001" tests="1" failures="0" timestamp="29 Dec 2019 04:02:49 GMT" time="11.950" errors="0">
  <testcase name="loginTest" time="11.950" classname="com.HDFramworkProjFmPavan.testCases.TC_LoginTest_001"/>
</testsuite> <!-- com.HDFramworkProjFmPavan.testCases.TC_LoginTest_001 -->
