<?xml version="1.0" encoding="UTF-8"?>
<!-- Generated by org.testng.reporters.JUnitReportReporter -->
<testsuite skipped="0" hostname="sys" name="com.HDFramworkProjFmPavan.testCases.TC_AddcustomerTest_002" tests="1" failures="0" timestamp="29 Dec 2019 04:02:49 GMT" time="14.001" errors="0">
  <testcase name="addNewCustomer" time="14.001" classname="com.HDFramworkProjFmPavan.testCases.TC_AddcustomerTest_002"/>
</testsuite> <!-- com.HDFramworkProjFmPavan.testCases.TC_AddcustomerTest_002 -->
