<?xml version="1.0" encoding="UTF-8"?>
<!-- Generated by org.testng.reporters.JUnitReportReporter -->
<testsuite skipped="0" hostname="sys" name="com.HDFramworkProjFmPavan.testCases.TC_AddcustomerTest_002" tests="1" failures="0" timestamp="29 Dec 2019 20:43:52 GMT" time="11.713" errors="0">
  <testcase name="addNewCustomer" time="11.713" classname="com.HDFramworkProjFmPavan.testCases.TC_AddcustomerTest_002"/>
</testsuite> <!-- com.HDFramworkProjFmPavan.testCases.TC_AddcustomerTest_002 -->
